<?xml version="1.0" encoding="UTF-8"?>
<!-- Generated by org.testng.reporters.JUnitReportReporter -->
<testsuite hostname="DESKTOP-GF3Q3MM" failures="0" tests="1" name="EducacionIT.Educacion.Laboratorio6" time="13.477" errors="0" timestamp="2022-07-18T21:52:09 GMT-02:00" skipped="0">
  <testcase classname="EducacionIT.Educacion.Laboratorio6" name="irAContactanosConDocumento" time="13.477"/>
  <system-out/>
</testsuite> <!-- EducacionIT.Educacion.Laboratorio6 -->
