<?xml version="1.0" encoding="UTF-8"?>
<!-- Generated by org.testng.reporters.JUnitReportReporter -->
<testsuite hostname="DESKTOP-GF3Q3MM" failures="0" tests="3" name="EducacionIT.Educacion.Laboratorio7" time="5.708" errors="0" timestamp="2022-07-24T16:24:14 GMT-02:00" skipped="0">
  <testcase classname="EducacionIT.Educacion.Laboratorio7" name="alertaCancelar" time="0.188"/>
  <system-out/>
  <testcase classname="EducacionIT.Educacion.Laboratorio7" name="alertaTexto" time="0.096"/>
  <system-out/>
  <testcase classname="EducacionIT.Educacion.Laboratorio7" name="alertaEspera" time="5.424"/>
  <system-out/>
</testsuite> <!-- EducacionIT.Educacion.Laboratorio7 -->
