<?xml version="1.0" encoding="UTF-8"?>
<!-- Generated by org.testng.reporters.JUnitReportReporter -->
<testsuite hostname="DESKTOP-GF3Q3MM" failures="0" tests="1" name="Pruebas.Laboratorio7a" time="19.449" errors="0" timestamp="2022-07-21T21:37:04 GMT-02:00" skipped="0">
  <testcase classname="Pruebas.Laboratorio7a" name="login" time="19.449"/>
  <system-out/>
</testsuite> <!-- Pruebas.Laboratorio7a -->
