<?xml version="1.0" encoding="UTF-8"?>
<!-- Generated by org.testng.reporters.JUnitReportReporter -->
<testsuite hostname="DESKTOP-GF3Q3MM" failures="0" tests="1" name="EducacionIT.Educacion.AppTest" time="0.008" errors="0" timestamp="2022-07-11T21:46:30 GMT-02:00" skipped="0">
  <testcase classname="EducacionIT.Educacion.AppTest" name="ImprimirEnConsola" time="0.008"/>
  <system-out/>
</testsuite> <!-- EducacionIT.Educacion.AppTest -->
