<?xml version="1.0" encoding="UTF-8"?>
<!-- Generated by org.testng.reporters.JUnitReportReporter -->
<testsuite hostname="DESKTOP-GF3Q3MM" failures="0" tests="3" name="Pruebas.Laboratorio8" time="14.673" errors="0" timestamp="2022-07-25T21:23:45 GMT-02:00" skipped="0">
  <testcase classname="Pruebas.Laboratorio8" name="login" time="4.454"/>
  <system-out/>
  <testcase classname="Pruebas.Laboratorio8" name="login" time="4.740"/>
  <system-out/>
  <testcase classname="Pruebas.Laboratorio8" name="login" time="5.479"/>
  <system-out/>
</testsuite> <!-- Pruebas.Laboratorio8 -->
